<?xml version="1.0" encoding="UTF-8"?>
<!-- Generated by org.testng.reporters.JUnitReportReporter -->
<testsuite hostname="DESKTOP-IU3M5TE" failures="0" tests="3" name="com.testcase.Testing1" time="29.704" errors="0" timestamp="2022-04-24T12:34:28 BST" skipped="0">
  <testcase classname="com.testcase.Testing1" name="verifySeleniumFeatureLinkDisplaysOnThePage" time="24.991"/>
  <system-out/>
  <testcase classname="com.testcase.Testing1" name="testCaseNoTHREE" time="2.379"/>
  <system-out/>
  <testcase classname="com.testcase.Testing1" name="testCaseNoTWO" time="2.334"/>
  <system-out/>
</testsuite> <!-- com.testcase.Testing1 -->
