<?xml version="1.0" encoding="UTF-8"?>
<!-- Generated by org.testng.reporters.JUnitReportReporter -->
<testsuite hostname="DESKTOP-IU3M5TE" failures="0" tests="3" name="com.testcase.Testing1" time="28.099" errors="0" timestamp="2022-04-24T11:58:16 BST" skipped="0">
  <testcase classname="com.testcase.Testing1" name="testCaseNoTHREE" time="3.171"/>
  <system-out/>
  <testcase classname="com.testcase.Testing1" name="testCaseNoTWO" time="2.128"/>
  <system-out/>
  <testcase classname="com.testcase.Testing1" name="verifySeleniumFeatureLinkDisplaysOnThePage" time="22.800"/>
  <system-out/>
</testsuite> <!-- com.testcase.Testing1 -->
